2018-10-15 12:53:59 +0200 => INFO: User m@m.pl found
2018-10-15 12:53:59 +0200 => INFO: User is active and not blocked
2018-10-15 12:53:59 +0200 => 1.:  0
2018-10-15 12:53:59 +0200 => ERROR: User m@m.pl is not valid
2018-10-15 13:05:04 +0200 => INFO: User m@m.pl found
2018-10-15 13:05:04 +0200 => INFO: User is active and not blocked
2018-10-15 13:05:04 +0200 => 1.:  1
2018-10-15 13:05:05 +0200 => ERROR: User m@m.pl is not valid
2018-10-15 13:05:09 +0200 => INFO: User m@m.pl found
2018-10-15 13:05:09 +0200 => INFO: User is active and not blocked
2018-10-15 13:05:09 +0200 => 1.:  2
2018-10-15 13:05:09 +0200 => ERROR: User m@m.pl is not valid
2018-10-15 13:05:18 +0200 => INFO: User m@m.pl found
2018-10-15 13:05:18 +0200 => INFO: User is active and not blocked
2018-10-15 13:05:18 +0200 => 1.:  3
2018-10-15 13:05:18 +0200 => ERROR: User m@m.pl is not valid
2018-10-15 13:05:22 +0200 => INFO: User m@m.pl found
2018-10-15 13:05:22 +0200 => INFO: User is active and not blocked
2018-10-15 13:05:23 +0200 => 1.:  4
2018-10-15 13:05:23 +0200 => INFO: User m@m.pl blocked!
2018-10-15 13:05:23 +0200 => ERROR: User m@m.pl is not valid
2018-10-15 13:05:23 +0200 => EXCEPTION: Render and/or redirect were called multiple times in this action. Please note that you may only call render OR redirect, and at most once per action. Also note that neither redirect nor render terminate execution of the action, so if you want to exit an action after redirecting, you need to do something like "redirect_to(...) and return".
2018-10-15 13:05:45 +0200 => INFO: User m@m.pl found
2018-10-15 13:05:45 +0200 => INFO: User is active and not blocked
2018-10-15 13:05:45 +0200 => INFO: User m@m.pl is valid
2018-10-15 13:05:45 +0200 => INFO: Token 0656bd6eac61ec0a6801 generated for m@m.pl
2018-10-15 13:05:46 +0200 => INFO: App data downloaded by m@m.pl
2018-10-15 13:05:53 +0200 => INFO: Log out successful by m@m.pl
2018-10-15 13:06:01 +0200 => INFO: User m@m.pl found
2018-10-15 13:06:01 +0200 => INFO: User is active and not blocked
2018-10-15 13:06:01 +0200 => 1.:  0
2018-10-15 13:06:01 +0200 => ERROR: User m@m.pl is not valid
2018-10-15 13:06:05 +0200 => INFO: User m@m.pl found
2018-10-15 13:06:05 +0200 => INFO: User is active and not blocked
2018-10-15 13:06:06 +0200 => 1.:  1
2018-10-15 13:06:06 +0200 => ERROR: User m@m.pl is not valid
2018-10-15 13:06:06 +0200 => INFO: User m@m.pl found
2018-10-15 13:06:07 +0200 => INFO: User is active and not blocked
2018-10-15 13:06:07 +0200 => 1.:  2
2018-10-15 13:06:07 +0200 => ERROR: User m@m.pl is not valid
2018-10-15 13:06:08 +0200 => INFO: User m@m.pl found
2018-10-15 13:06:08 +0200 => INFO: User is active and not blocked
2018-10-15 13:06:08 +0200 => 1.:  3
2018-10-15 13:06:08 +0200 => ERROR: User m@m.pl is not valid
2018-10-15 13:06:09 +0200 => INFO: User m@m.pl found
2018-10-15 13:06:09 +0200 => INFO: User is active and not blocked
2018-10-15 13:06:10 +0200 => 1.:  4
2018-10-15 13:06:10 +0200 => INFO: User m@m.pl blocked!
2018-10-15 13:06:10 +0200 => ERROR: User m@m.pl is not valid
2018-10-15 13:06:10 +0200 => EXCEPTION: Render and/or redirect were called multiple times in this action. Please note that you may only call render OR redirect, and at most once per action. Also note that neither redirect nor render terminate execution of the action, so if you want to exit an action after redirecting, you need to do something like "redirect_to(...) and return".
2018-10-15 13:06:45 +0200 => INFO: User m@m.pl found
2018-10-15 13:06:45 +0200 => ERROR: User is blocked or not active
2018-10-15 13:06:47 +0200 => INFO: User m@m.pl found
2018-10-15 13:06:47 +0200 => ERROR: User is blocked or not active
2018-10-15 13:06:48 +0200 => INFO: User m@m.pl found
2018-10-15 13:06:48 +0200 => ERROR: User is blocked or not active
2018-10-15 13:06:48 +0200 => INFO: User m@m.pl found
2018-10-15 13:06:49 +0200 => ERROR: User is blocked or not active
2018-10-15 13:06:49 +0200 => INFO: User m@m.pl found
2018-10-15 13:06:49 +0200 => ERROR: User is blocked or not active
2018-10-15 13:06:50 +0200 => INFO: User m@m.pl found
2018-10-15 13:06:51 +0200 => ERROR: User is blocked or not active
2018-10-15 13:13:04 +0200 => INFO: User m@m.pl found
2018-10-15 13:13:04 +0200 => ERROR: User is blocked or not active
2018-10-15 13:13:06 +0200 => INFO: User m@m.pl found
2018-10-15 13:13:06 +0200 => ERROR: User is blocked or not active
2018-10-15 13:13:07 +0200 => INFO: User m@m.pl found
2018-10-15 13:13:07 +0200 => ERROR: User is blocked or not active
2018-10-15 13:13:08 +0200 => INFO: User m@m.pl found
2018-10-15 13:13:08 +0200 => ERROR: User is blocked or not active
2018-10-15 13:13:09 +0200 => INFO: User m@m.pl found
2018-10-15 13:13:09 +0200 => ERROR: User is blocked or not active
