2018-10-17 13:12:55 +0200 => INFO: User m@m.pl found
2018-10-17 13:12:56 +0200 => INFO: User is active and not blocked
2018-10-17 13:12:56 +0200 => INFO: User m@m.pl is valid
2018-10-17 13:12:56 +0200 => INFO: Token 1196fc82dfb7e052504f generated for m@m.pl
2018-10-17 13:12:57 +0200 => INFO: App data downloaded by m@m.pl
2018-10-17 13:13:09 +0200 => INFO: Log out successful by m@m.pl
2018-10-17 13:14:02 +0200 => INFO: User m@m.pl found
2018-10-17 13:14:02 +0200 => INFO: User is active and not blocked
2018-10-17 13:14:02 +0200 => INFO: User m@m.pl is valid
2018-10-17 13:14:03 +0200 => INFO: Token d12d02f7d07a07c91093 generated for m@m.pl
2018-10-17 13:14:03 +0200 => INFO: App data downloaded by m@m.pl
2018-10-17 13:14:30 +0200 => INFO: Log out successful by m@m.pl
2018-10-17 13:15:29 +0200 => INFO: User m@m.pl found
2018-10-17 13:15:29 +0200 => INFO: User is active and not blocked
2018-10-17 13:15:30 +0200 => INFO: User m@m.pl is valid
2018-10-17 13:15:30 +0200 => INFO: Token eebd2a91cbba4075dc10 generated for m@m.pl
2018-10-17 13:15:30 +0200 => INFO: App data downloaded by m@m.pl
2018-10-17 13:15:52 +0200 => INFO: Log out successful by m@m.pl
2018-10-17 13:16:15 +0200 => INFO: User m@m.pl found
2018-10-17 13:16:15 +0200 => INFO: User is active and not blocked
2018-10-17 13:16:15 +0200 => INFO: User m@m.pl is valid
2018-10-17 13:16:15 +0200 => INFO: Token 0518529d7ccc9a19dfd0 generated for m@m.pl
2018-10-17 13:16:16 +0200 => ERROR: User or token not valid, cannot download app data
2018-10-17 13:16:22 +0200 => ERROR: User or token not valid, cannot log out by m@m.pl
2018-10-17 13:16:50 +0200 => INFO: User m@m.pl found
2018-10-17 13:16:50 +0200 => INFO: User is active and not blocked
2018-10-17 13:16:51 +0200 => INFO: User m@m.pl is valid
2018-10-17 13:16:51 +0200 => INFO: Token 474fc9cbe80af82b6d44 generated for m@m.pl
2018-10-17 13:16:51 +0200 => INFO: App data downloaded by m@m.pl
2018-10-17 13:17:11 +0200 => INFO: Log out successful by m@m.pl
2018-10-17 13:19:30 +0200 => INFO: User m@m.pl found
2018-10-17 13:19:54 +0200 => INFO: User is active and not blocked
2018-10-17 13:19:31 +0200 => INFO: User m@m.pl is valid
2018-10-17 13:19:31 +0200 => INFO: Token 56884390395d50b3f140 generated for m@m.pl
2018-10-17 13:19:32 +0200 => INFO: App data downloaded by m@m.pl
2018-10-17 13:20:09 +0200 => INFO: User m@m.pl found
2018-10-17 13:20:10 +0200 => INFO: User is active and not blocked
2018-10-17 13:20:10 +0200 => INFO: User m@m.pl is valid
2018-10-17 13:20:10 +0200 => INFO: Token ec3b53145bad2eacd3e2 generated for m@m.pl
2018-10-17 13:20:11 +0200 => INFO: App data downloaded by m@m.pl
2018-10-17 13:20:18 +0200 => INFO: Log out successful by m@m.pl
2018-10-17 13:21:04 +0200 => INFO: User m@m.pl found
2018-10-17 13:21:05 +0200 => INFO: User is active and not blocked
2018-10-17 13:21:05 +0200 => INFO: User m@m.pl is valid
2018-10-17 13:21:29 +0200 => INFO: Token 87bce90b1d62cd682870 generated for m@m.pl
2018-10-17 13:21:07 +0200 => INFO: App data downloaded by m@m.pl
2018-10-17 13:22:15 +0200 => INFO: Log out successful by m@m.pl
2018-10-17 13:22:26 +0200 => INFO: User m@m.pl found
2018-10-17 13:22:27 +0200 => INFO: User is active and not blocked
2018-10-17 13:22:27 +0200 => INFO: User m@m.pl is valid
2018-10-17 13:22:28 +0200 => INFO: Token 38bd0c9ed0ca3e0a4fcb generated for m@m.pl
2018-10-17 13:22:29 +0200 => INFO: App data downloaded by m@m.pl
2018-10-17 13:22:43 +0200 => INFO: Log out successful by m@m.pl
2018-10-17 13:24:53 +0200 => INFO: User m@m.pl found
2018-10-17 13:24:54 +0200 => INFO: User is active and not blocked
2018-10-17 13:24:54 +0200 => INFO: User m@m.pl is valid
2018-10-17 13:24:55 +0200 => INFO: Token de2b27608499dbf066d6 generated for m@m.pl
2018-10-17 13:24:57 +0200 => INFO: App data downloaded by m@m.pl
2018-10-17 13:38:13 +0200 => INFO: User m@m.pl found
2018-10-17 13:38:13 +0200 => INFO: User is active and not blocked
2018-10-17 13:38:13 +0200 => INFO: User m@m.pl is valid
2018-10-17 13:38:14 +0200 => INFO: Token 934373e0b25ae7f4dafb generated for m@m.pl
2018-10-17 13:38:17 +0200 => INFO: App data downloaded by m@m.pl
2018-10-17 13:41:01 +0200 => INFO: Log out successful by m@m.pl
2018-10-17 13:41:22 +0200 => INFO: User m@m.pl found
2018-10-17 13:41:22 +0200 => INFO: User is active and not blocked
2018-10-17 13:41:23 +0200 => INFO: User m@m.pl is valid
2018-10-17 13:41:23 +0200 => INFO: Token 1fa076cd0f4e04ce876f generated for m@m.pl
2018-10-17 13:41:27 +0200 => INFO: App data downloaded by m@m.pl
2018-10-17 13:41:52 +0200 => INFO: Log out successful by m@m.pl
2018-10-17 13:49:45 +0200 => INFO: User m@m.pl found
2018-10-17 13:49:46 +0200 => INFO: User is active and not blocked
2018-10-17 13:49:47 +0200 => INFO: User m@m.pl is valid
2018-10-17 13:49:47 +0200 => INFO: Token b99eaf20619932046635 generated for m@m.pl
2018-10-17 13:49:49 +0200 => INFO: App data downloaded by m@m.pl
2018-10-17 13:50:00 +0200 => INFO: Log out successful by m@m.pl
2018-10-17 14:07:02 +0200 => INFO: User m@m.pl found
2018-10-17 14:07:02 +0200 => INFO: User is active and not blocked
2018-10-17 14:07:02 +0200 => INFO: User m@m.pl is valid
2018-10-17 14:07:02 +0200 => INFO: Token 2cfe141738725e1d5790 generated for m@m.pl
2018-10-17 14:07:04 +0200 => INFO: App data downloaded by m@m.pl
2018-10-17 14:07:24 +0200 => INFO: Log out successful by m@m.pl
2018-10-17 14:09:46 +0200 => INFO: User m@m.pl found
2018-10-17 14:09:46 +0200 => INFO: User is active and not blocked
2018-10-17 14:09:47 +0200 => INFO: User m@m.pl is valid
2018-10-17 14:09:47 +0200 => INFO: Token 1efcbcd902bd82ca0e5a generated for m@m.pl
2018-10-17 14:09:48 +0200 => INFO: App data downloaded by m@m.pl
2018-10-17 14:10:12 +0200 => INFO: Log out successful by m@m.pl
2018-10-17 14:12:02 +0200 => INFO: User m@m.pl found
2018-10-17 14:12:02 +0200 => INFO: User is active and not blocked
2018-10-17 14:12:02 +0200 => INFO: User m@m.pl is valid
2018-10-17 14:12:03 +0200 => INFO: Token 489e85293b11ddcf9ed7 generated for m@m.pl
2018-10-17 14:12:04 +0200 => INFO: App data downloaded by m@m.pl
2018-10-17 14:31:23 +0200 => INFO: User m@m.pl found
2018-10-17 14:31:23 +0200 => INFO: User is active and not blocked
2018-10-17 14:31:23 +0200 => INFO: User m@m.pl is valid
2018-10-17 14:31:23 +0200 => INFO: Token ccd52c15cd14c364af66 generated for m@m.pl
2018-10-17 14:31:24 +0200 => INFO: App data downloaded by m@m.pl
2018-10-17 14:31:27 +0200 => INFO: Log out successful by m@m.pl
2018-10-17 14:50:06 +0200 => INFO: User m@m.pl found
2018-10-17 14:50:06 +0200 => INFO: User is active and not blocked
2018-10-17 14:50:06 +0200 => INFO: User m@m.pl is valid
2018-10-17 14:50:06 +0200 => INFO: Token 405eb746eb033f6cfd65 generated for m@m.pl
2018-10-17 14:50:13 +0200 => INFO: App data downloaded by m@m.pl
2018-10-17 14:50:33 +0200 => ERROR: User or token not valid, cannot generate for m@m.pl
2018-10-17 14:51:10 +0200 => INFO: App code 31096534ce2ee2 once again generated for m@m.pl
2018-10-17 14:51:17 +0200 => ERROR: User or token not valid, cannot log out by m@m.pl
2018-10-17 14:51:20 +0200 => INFO: Log out successful by m@m.pl
2018-10-17 14:52:23 +0200 => INFO: User m@m.pl found
2018-10-17 14:52:23 +0200 => INFO: User is active and not blocked
2018-10-17 14:52:23 +0200 => INFO: User m@m.pl is valid
2018-10-17 14:52:23 +0200 => INFO: Token c974ea661fe9c7aac79f generated for m@m.pl
2018-10-17 14:52:30 +0200 => INFO: App data downloaded by m@m.pl
2018-10-17 14:52:42 +0200 => INFO: Current_limit = 0 for m@m.pl
2018-10-17 14:52:43 +0200 => INFO: Pref lang for m@m.pl is ["en"]
2018-10-17 14:52:44 +0200 => INFO: New app code 3109094cbb322c generated for m@m.pl
2018-10-17 14:52:51 +0200 => ERROR: User or token not valid, cannot log out by m@m.pl
2018-10-17 15:02:03 +0200 => INFO: User m@m.pl found
2018-10-17 15:02:03 +0200 => INFO: User is active and not blocked
2018-10-17 15:02:03 +0200 => INFO: User m@m.pl is valid
2018-10-17 15:02:04 +0200 => INFO: Token 9b7a38fd66e61bb93942 generated for m@m.pl
2018-10-17 15:02:36 +0200 => INFO: License history downloaded by m@m.pl
2018-10-17 15:29:13 +0200 => INFO: User m@m.pl found
2018-10-17 15:29:13 +0200 => INFO: User is active and not blocked
2018-10-17 15:29:13 +0200 => INFO: User m@m.pl is valid
2018-10-17 15:29:13 +0200 => INFO: Token cb3ea09600c79b87bd2a generated for m@m.pl
2018-10-17 15:29:13 +0200 => INFO: App data downloaded by m@m.pl
2018-10-17 15:29:19 +0200 => INFO: License history downloaded by m@m.pl
2018-10-17 15:29:49 +0200 => INFO: License history downloaded by m@m.pl
2018-10-17 15:31:43 +0200 => INFO: User m@m.pl found
2018-10-17 15:31:43 +0200 => INFO: User is active and not blocked
2018-10-17 15:31:44 +0200 => INFO: User m@m.pl is valid
2018-10-17 15:31:44 +0200 => INFO: Token fd95d7a5aa0189b4ba59 generated for m@m.pl
2018-10-17 15:31:52 +0200 => INFO: App data downloaded by m@m.pl
2018-10-17 15:32:03 +0200 => INFO: License history downloaded by m@m.pl
2018-10-17 15:32:07 +0200 => INFO: Log out successful by m@m.pl
2018-10-17 15:32:44 +0200 => INFO: User m@m.pl found
2018-10-17 15:32:44 +0200 => INFO: User is active and not blocked
2018-10-17 15:32:44 +0200 => INFO: User m@m.pl is valid
2018-10-17 15:32:44 +0200 => INFO: Token bc421c29d0d3581d16c8 generated for m@m.pl
2018-10-17 15:32:45 +0200 => INFO: App data downloaded by m@m.pl
2018-10-17 15:32:47 +0200 => INFO: License history downloaded by m@m.pl
2018-10-17 15:32:58 +0200 => INFO: Log out successful by m@m.pl
2018-10-17 15:36:30 +0200 => INFO: User m@m.pl found
2018-10-17 15:36:30 +0200 => INFO: User is active and not blocked
2018-10-17 15:36:30 +0200 => INFO: User m@m.pl is valid
2018-10-17 15:36:54 +0200 => INFO: Token f75c127d7b84ef65e9f6 generated for m@m.pl
2018-10-17 15:36:31 +0200 => INFO: App data downloaded by m@m.pl
2018-10-17 15:36:34 +0200 => INFO: License history downloaded by m@m.pl
2018-10-17 15:40:17 +0200 => INFO: Log out successful by m@m.pl
2018-10-17 16:08:46 +0200 => INFO: User m@m.pl found
2018-10-17 16:08:47 +0200 => INFO: User is active and not blocked
2018-10-17 16:08:47 +0200 => INFO: User m@m.pl is valid
2018-10-17 16:08:47 +0200 => INFO: Token 8d06e49813c6454abcaa generated for m@m.pl
2018-10-17 16:08:47 +0200 => INFO: App data downloaded by m@m.pl
2018-10-17 16:08:50 +0200 => INFO: License history downloaded by m@m.pl
2018-10-17 16:09:41 +0200 => INFO: Log out successful by m@m.pl
2018-10-17 16:24:01 +0200 => INFO: User m@m.pl found
2018-10-17 16:24:01 +0200 => INFO: User is active and not blocked
2018-10-17 16:24:01 +0200 => INFO: User m@m.pl is valid
2018-10-17 16:24:01 +0200 => INFO: Token 0f1ee94209ed8720d540 generated for m@m.pl
2018-10-17 16:24:02 +0200 => INFO: App data downloaded by m@m.pl
2018-10-17 16:24:03 +0200 => INFO: License history downloaded by m@m.pl
2018-10-17 16:25:03 +0200 => INFO: Log out successful by m@m.pl
2018-10-17 16:25:24 +0200 => INFO: User m@m.pl found
2018-10-17 16:25:24 +0200 => INFO: User is active and not blocked
2018-10-17 16:25:24 +0200 => INFO: User m@m.pl is valid
2018-10-17 16:25:24 +0200 => INFO: Token 8470785d1238d8084b97 generated for m@m.pl
2018-10-17 16:25:24 +0200 => INFO: App data downloaded by m@m.pl
2018-10-17 16:25:26 +0200 => INFO: License history downloaded by m@m.pl
2018-10-17 16:26:04 +0200 => INFO: Log out successful by m@m.pl
2018-10-17 16:26:45 +0200 => INFO: User m@m.pl found
2018-10-17 16:26:45 +0200 => INFO: User is active and not blocked
2018-10-17 16:26:45 +0200 => INFO: User m@m.pl is valid
2018-10-17 16:26:45 +0200 => INFO: Token 1c9e6de3dd8c4a61d08e generated for m@m.pl
2018-10-17 16:26:46 +0200 => INFO: App data downloaded by m@m.pl
2018-10-17 16:26:47 +0200 => INFO: License history downloaded by m@m.pl
2018-10-17 16:27:41 +0200 => INFO: User m@m.pl found
2018-10-17 16:27:41 +0200 => INFO: User is active and not blocked
2018-10-17 16:27:42 +0200 => INFO: User m@m.pl is valid
2018-10-17 16:27:42 +0200 => INFO: Token c57e242532c5207e7621 generated for m@m.pl
2018-10-17 16:27:42 +0200 => INFO: App data downloaded by m@m.pl
2018-10-17 16:27:43 +0200 => INFO: License history downloaded by m@m.pl
2018-10-17 16:28:16 +0200 => INFO: User m@m.pl found
2018-10-17 16:28:16 +0200 => INFO: User is active and not blocked
2018-10-17 16:28:16 +0200 => INFO: User m@m.pl is valid
2018-10-17 16:28:17 +0200 => INFO: Token 64125ed8737386c6fd40 generated for m@m.pl
2018-10-17 16:28:17 +0200 => INFO: App data downloaded by m@m.pl
2018-10-17 16:28:18 +0200 => INFO: License history downloaded by m@m.pl
