2018-10-10 11:38:13 +0200 => INFO: User m@m.pl found
2018-10-10 11:38:13 +0200 => INFO: User m@m.pl is valid
2018-10-10 11:38:13 +0200 => INFO: User is active and not blocked
2018-10-10 11:38:13 +0200 => INFO: Token 7e2f92451f384a1e4c70 generated for m@m.pl
2018-10-10 11:38:22 +0200 => INFO: App data downloaded by m@m.pl
2018-10-10 11:46:17 +0200 => EXCEPTION: uninitialized constant Api::V1::AppDataController::LicenseTypes
2018-10-10 11:53:49 +0200 => EXCEPTION: uninitialized constant Api::V1::AppDataController::LicenseTypes
2018-10-10 11:54:58 +0200 => EXCEPTION: uninitialized constant Api::V1::AppDataController::LicenseTypes
2018-10-10 11:55:24 +0200 => EXCEPTION: uninitialized constant Api::V1::AppDataController::LicenseType
2018-10-10 12:06:53 +0200 => INFO: App data downloaded by m@m.pl
2018-10-10 12:08:45 +0200 => INFO: App data downloaded by m@m.pl
2018-10-10 12:09:40 +0200 => INFO: App data downloaded by m@m.pl
2018-10-10 12:25:57 +0200 => INFO: User m@m.pl found
2018-10-10 12:25:57 +0200 => INFO: User m@m.pl is valid
2018-10-10 12:25:57 +0200 => INFO: User is active and not blocked
2018-10-10 12:25:57 +0200 => INFO: Token 24030f5e7d60787bfc3d generated for m@m.pl
2018-10-10 12:25:58 +0200 => INFO: App data downloaded by m@m.pl
2018-10-10 12:26:27 +0200 => INFO: Log out successful by m@m.pl
2018-10-10 12:26:42 +0200 => ERROR: User or token not valid, cannot log out by m@m.pl
2018-10-10 12:26:55 +0200 => INFO: User m@m.pl found
2018-10-10 12:26:55 +0200 => INFO: User m@m.pl is valid
2018-10-10 12:26:55 +0200 => INFO: User is active and not blocked
2018-10-10 12:26:55 +0200 => INFO: Token 88d42e3fcbc2b916fbcd generated for m@m.pl
2018-10-10 12:26:55 +0200 => INFO: App data downloaded by m@m.pl
2018-10-10 12:27:03 +0200 => INFO: Log out successful by m@m.pl
2018-10-10 12:27:17 +0200 => INFO: User m@m.pl found
2018-10-10 12:27:17 +0200 => INFO: User m@m.pl is valid
2018-10-10 12:27:17 +0200 => INFO: User is active and not blocked
2018-10-10 12:27:17 +0200 => INFO: Token a7cfb1991cb28e323b74 generated for m@m.pl
2018-10-10 12:27:17 +0200 => INFO: App data downloaded by m@m.pl
2018-10-10 12:28:16 +0200 => ERROR: User or token not valid, cannot download app data
2018-10-10 12:28:21 +0200 => INFO: User m@m.pl found
2018-10-10 12:28:21 +0200 => INFO: User m@m.pl is valid
2018-10-10 12:28:21 +0200 => INFO: User is active and not blocked
2018-10-10 12:28:21 +0200 => INFO: Token d6698465e52bba760900 generated for m@m.pl
2018-10-10 12:28:29 +0200 => INFO: App data downloaded by m@m.pl
2018-10-10 12:30:36 +0200 => INFO: App data downloaded by m@m.pl
2018-10-10 12:30:47 +0200 => INFO: User m@m.pl found
2018-10-10 12:30:47 +0200 => INFO: User m@m.pl is valid
2018-10-10 12:30:47 +0200 => INFO: User is active and not blocked
2018-10-10 12:30:47 +0200 => INFO: Token 902072740fad1a0ab611 generated for m@m.pl
2018-10-10 12:30:48 +0200 => INFO: App data downloaded by m@m.pl
2018-10-10 12:30:55 +0200 => INFO: Log out successful by m@m.pl
2018-10-10 12:31:15 +0200 => INFO: User m@m.pl found
2018-10-10 12:31:15 +0200 => INFO: User m@m.pl is valid
2018-10-10 12:31:15 +0200 => INFO: User is active and not blocked
2018-10-10 12:31:15 +0200 => INFO: Token 959c973bfebbd9944db6 generated for m@m.pl
2018-10-10 12:31:15 +0200 => INFO: App data downloaded by m@m.pl
2018-10-10 12:31:30 +0200 => INFO: Log out successful by m@m.pl
2018-10-10 12:31:58 +0200 => INFO: User m@m.pl found
2018-10-10 12:31:58 +0200 => INFO: User m@m.pl is valid
2018-10-10 12:31:58 +0200 => INFO: User is active and not blocked
2018-10-10 12:31:58 +0200 => INFO: Token bd791a81cc60324fc88b generated for m@m.pl
2018-10-10 12:31:58 +0200 => INFO: App data downloaded by m@m.pl
2018-10-10 12:32:18 +0200 => INFO: App code 21014941ca99ad once again generated for m@m.pl
2018-10-10 12:32:50 +0200 => INFO: Current_limit = 0 for m@m.pl
2018-10-10 12:32:50 +0200 => INFO: Pref lang for m@m.pl is ["en"]
2018-10-10 12:32:50 +0200 => EXCEPTION: no implicit conversion of Symbol into Integer
2018-10-10 12:32:56 +0200 => INFO: Log out successful by m@m.pl
2018-10-10 12:33:32 +0200 => INFO: User m@m.pl found
2018-10-10 12:33:32 +0200 => INFO: User m@m.pl is valid
2018-10-10 12:33:32 +0200 => INFO: User is active and not blocked
2018-10-10 12:33:32 +0200 => INFO: Token 77e24f10c3539a244c57 generated for m@m.pl
2018-10-10 12:33:32 +0200 => INFO: App data downloaded by m@m.pl
2018-10-10 12:38:09 +0200 => INFO: User m@m.pl found
2018-10-10 12:38:10 +0200 => INFO: User m@m.pl is valid
2018-10-10 12:38:10 +0200 => INFO: User is active and not blocked
2018-10-10 12:38:10 +0200 => INFO: Token 3038dccd3cfcadb05b1e generated for m@m.pl
2018-10-10 12:38:10 +0200 => INFO: App data downloaded by m@m.pl
2018-10-10 12:38:47 +0200 => INFO: Pref lang for m@m.pl is ["en"]
2018-10-10 12:38:47 +0200 => EXCEPTION: no implicit conversion of Symbol into Integer
2018-10-10 12:39:17 +0200 => INFO: User m@m.pl found
2018-10-10 12:39:17 +0200 => INFO: User m@m.pl is valid
2018-10-10 12:39:17 +0200 => INFO: User is active and not blocked
2018-10-10 12:39:17 +0200 => INFO: Token 1d94b5b0a8182d40032c generated for m@m.pl
2018-10-10 12:39:45 +0200 => INFO: Pref lang for m@m.pl is ["en"]
2018-10-10 12:39:45 +0200 => EXCEPTION: no implicit conversion of Symbol into Integer
2018-10-10 12:41:17 +0200 => INFO: App code 110949a0fa42eb once again generated for m@m.pl
2018-10-10 12:41:28 +0200 => ERROR: User or token not valid, cannot log out by m@m.pl
2018-10-10 12:41:37 +0200 => INFO: User m@m.pl found
2018-10-10 12:41:37 +0200 => INFO: User m@m.pl is valid
2018-10-10 12:41:37 +0200 => INFO: User is active and not blocked
2018-10-10 12:41:38 +0200 => INFO: Token de8d5578c887ceb9cda9 generated for m@m.pl
2018-10-10 12:41:38 +0200 => INFO: App data downloaded by m@m.pl
2018-10-10 12:41:59 +0200 => INFO: Pref lang for m@m.pl is ["en"]
2018-10-10 12:41:59 +0200 => EXCEPTION: no implicit conversion of Symbol into Integer
2018-10-10 12:42:11 +0200 => ERROR: User or token not valid, cannot generate for m@m.pl
2018-10-10 12:42:15 +0200 => INFO: App code 2101d43258d851 once again generated for m@m.pl
2018-10-10 12:42:44 +0200 => INFO: User m@m.pl found
2018-10-10 12:42:44 +0200 => INFO: User m@m.pl is valid
2018-10-10 12:42:45 +0200 => INFO: User is active and not blocked
2018-10-10 12:42:45 +0200 => INFO: Token deb6023ab422a36e5864 generated for m@m.pl
2018-10-10 12:42:58 +0200 => INFO: App data downloaded by m@m.pl
2018-10-10 12:43:18 +0200 => INFO: App code 110949a0fa42eb once again generated for m@m.pl
2018-10-10 12:43:24 +0200 => ERROR: User or token not valid, cannot log out by m@m.pl
2018-10-10 12:43:41 +0200 => INFO: User m@m.pl found
2018-10-10 12:43:41 +0200 => INFO: User m@m.pl is valid
2018-10-10 12:43:41 +0200 => INFO: User is active and not blocked
2018-10-10 12:43:42 +0200 => INFO: Token c311a2440805a359d650 generated for m@m.pl
2018-10-10 12:43:42 +0200 => INFO: App data downloaded by m@m.pl
2018-10-10 12:43:59 +0200 => INFO: Pref lang for m@m.pl is ["en"]
2018-10-10 12:43:59 +0200 => EXCEPTION: no implicit conversion of Symbol into Integer
2018-10-10 12:45:19 +0200 => ERROR: User or token not valid, cannot generate for m@m.pl
2018-10-10 12:45:22 +0200 => INFO: User m@m.pl found
2018-10-10 12:45:22 +0200 => INFO: User m@m.pl is valid
2018-10-10 12:45:22 +0200 => INFO: User is active and not blocked
2018-10-10 12:45:22 +0200 => INFO: Token 8621b4ef4d1c163858ae generated for m@m.pl
2018-10-10 12:45:28 +0200 => INFO: App code 110949a0fa42eb once again generated for m@m.pl
2018-10-10 12:45:51 +0200 => INFO: Pref lang for m@m.pl is ["en"]
2018-10-10 12:45:51 +0200 => EXCEPTION: no implicit conversion of Symbol into Integer
2018-10-10 12:46:28 +0200 => INFO: Pref lang for m@m.pl is ["en"]
2018-10-10 12:46:28 +0200 => EXCEPTION: no implicit conversion of Symbol into Integer
2018-10-10 12:47:59 +0200 => INFO: Pref lang for m@m.pl is ["en"]
2018-10-10 12:47:59 +0200 => EXCEPTION: no implicit conversion of Symbol into Integer
2018-10-10 12:48:33 +0200 => INFO: App code 1109b341d0f5aa once again generated for m@m.pl
2018-10-10 12:48:39 +0200 => INFO: App code 109b341d0f5aa once again generated for m@m.pl
2018-10-10 12:48:49 +0200 => INFO: App code 3109b341d0f5aa once again generated for m@m.pl
2018-10-10 12:49:39 +0200 => INFO: Pref lang for m@m.pl is ["en"]
2018-10-10 12:50:39 +0200 => INFO: App code 310967a2bf7dc2 once again generated for m@m.pl
2018-10-10 12:50:58 +0200 => INFO: Pref lang for m@m.pl is ["en"]
2018-10-10 12:51:45 +0200 => INFO: Pref lang for m@m.pl is ["en"]
2018-10-10 12:53:18 +0200 => INFO: Pref lang for m@m.pl is ["en"]
2018-10-10 12:55:15 +0200 => INFO: Pref lang for m@m.pl is ["en"]
2018-10-10 12:55:16 +0200 => INFO: New app code 3109fc2a0309d2 generated for m@m.pl
2018-10-10 12:55:30 +0200 => INFO: Pref lang for m@m.pl is ["en"]
2018-10-10 12:55:31 +0200 => INFO: New app code 31097211654836 generated for m@m.pl
2018-10-10 12:56:10 +0200 => INFO: Pref lang for m@m.pl is ["en"]
2018-10-10 12:56:34 +0200 => INFO: App code 3109ea821642de once again generated for m@m.pl
2018-10-10 12:56:39 +0200 => INFO: Pref lang for m@m.pl is ["en"]
2018-10-10 12:57:34 +0200 => INFO: Pref lang for m@m.pl is ["en"]
2018-10-10 12:57:34 +0200 => INFO: New app code 3109ce29c836d8 generated for m@m.pl
2018-10-10 12:59:21 +0200 => INFO: Pref lang for m@m.pl is ["en"]
2018-10-10 12:59:22 +0200 => INFO: New app code 31096534ce2ee2 generated for m@m.pl
2018-10-10 13:00:19 +0200 => INFO: User m@m.pl found
2018-10-10 13:00:20 +0200 => INFO: User m@m.pl is valid
2018-10-10 13:00:20 +0200 => INFO: User is active and not blocked
2018-10-10 13:00:20 +0200 => INFO: Token 798c70e4e9166aa1b42e generated for m@m.pl
2018-10-10 13:00:20 +0200 => INFO: App data downloaded by m@m.pl
2018-10-10 13:00:57 +0200 => INFO: Pref lang for m@m.pl is ["en"]
2018-10-10 13:00:58 +0200 => INFO: New app code 110112d4737d6a generated for m@m.pl
2018-10-10 13:03:28 +0200 => INFO: Pref lang for m@m.pl is ["en"]
2018-10-10 13:03:29 +0200 => INFO: New app code 1102a77cab13f0 generated for m@m.pl
2018-10-10 13:04:51 +0200 => INFO: Log out successful by m@m.pl
2018-10-10 13:07:31 +0200 => INFO: User m@m.pl found
2018-10-10 13:07:31 +0200 => INFO: User m@m.pl is valid
2018-10-10 13:07:31 +0200 => INFO: User is active and not blocked
2018-10-10 13:07:31 +0200 => INFO: Token 5b98cc4b580da64f661f generated for m@m.pl
2018-10-10 13:07:32 +0200 => INFO: App data downloaded by m@m.pl
2018-10-10 13:08:04 +0200 => INFO: App code 210312d4737d6a once again generated for m@m.pl
2018-10-10 13:14:23 +0200 => INFO: User m@m.pl found
2018-10-10 13:14:23 +0200 => INFO: User m@m.pl is valid
2018-10-10 13:14:23 +0200 => INFO: User is active and not blocked
2018-10-10 13:14:24 +0200 => INFO: Token 54e6269c06dabc760320 generated for m@m.pl
2018-10-10 13:14:24 +0200 => INFO: App data downloaded by m@m.pl
2018-10-10 13:14:48 +0200 => INFO: Pref lang for m@m.pl is ["en"]
2018-10-10 13:14:49 +0200 => INFO: New app code 11028da9f1a326 generated for m@m.pl
2018-10-10 13:15:04 +0200 => INFO: App code 11028da9f1a326 once again generated for m@m.pl
2018-10-10 13:22:16 +0200 => INFO: User m@m.pl found
2018-10-10 13:22:16 +0200 => INFO: User m@m.pl is valid
2018-10-10 13:22:16 +0200 => INFO: User is active and not blocked
2018-10-10 13:22:16 +0200 => INFO: Token 0fb8afefe0a650ad9f28 generated for m@m.pl
2018-10-10 13:22:16 +0200 => INFO: App data downloaded by m@m.pl
2018-10-10 13:22:33 +0200 => INFO: Pref lang for m@m.pl is ["en"]
2018-10-10 13:22:34 +0200 => INFO: New app code 1101c6bc23e58d generated for m@m.pl
2018-10-10 13:22:39 +0200 => INFO: App code 1101c6bc23e58d once again generated for m@m.pl
2018-10-10 13:22:50 +0200 => INFO: App code 1101c6bc23e58d once again generated for m@m.pl
2018-10-10 13:22:54 +0200 => INFO: Log out successful by m@m.pl
2018-10-10 13:25:03 +0200 => INFO: User m@m.pl found
2018-10-10 13:25:03 +0200 => INFO: User m@m.pl is valid
2018-10-10 13:25:03 +0200 => INFO: User is active and not blocked
2018-10-10 13:25:04 +0200 => INFO: Token 33c7c4edfd261ab75085 generated for m@m.pl
2018-10-10 13:25:04 +0200 => INFO: App data downloaded by m@m.pl
2018-10-10 13:25:26 +0200 => INFO: Pref lang for m@m.pl is ["en"]
2018-10-10 13:25:27 +0200 => INFO: New app code 2106e73764a9ba generated for m@m.pl
2018-10-10 13:25:34 +0200 => INFO: App code 2106e73764a9ba once again generated for m@m.pl
2018-10-10 13:25:39 +0200 => INFO: Log out successful by m@m.pl
2018-10-10 13:25:51 +0200 => ERROR: User or token not valid, cannot log out by m@m.pl
2018-10-10 13:34:44 +0200 => INFO: User m@m.pl found
2018-10-10 13:34:44 +0200 => ERROR: User m@m.pl is not valid
2018-10-10 13:35:01 +0200 => INFO: User m@m.pl found
2018-10-10 13:35:02 +0200 => ERROR: User m@m.pl is not valid
2018-10-10 13:35:06 +0200 => INFO: User m@m.pl found
2018-10-10 13:35:06 +0200 => ERROR: User m@m.pl is not valid
2018-10-10 13:35:08 +0200 => INFO: User m@m.pl found
2018-10-10 13:35:09 +0200 => ERROR: User m@m.pl is not valid
2018-10-10 13:35:12 +0200 => INFO: User m@m.pl found
2018-10-10 13:35:24 +0200 => ERROR: User m@m.pl is not valid
2018-10-10 13:35:13 +0200 => INFO: User m@m.pl blocked!
