2018-10-08 14:04:47 +0200 => INFO: User m@m.pl found
2018-10-08 14:04:48 +0200 => INFO: User m@m.pl is valid
2018-10-08 14:04:48 +0200 => ERROR: User is blocked or not active
2018-10-08 14:41:16 +0200 => INFO: User m@m.pl found
2018-10-08 14:41:16 +0200 => INFO: User m@m.pl is valid
2018-10-08 14:41:16 +0200 => INFO: User is active and not blocked
2018-10-08 14:41:16 +0200 => INFO: Token 969c79b54959a062109e generated for m@m.pl
2018-10-08 14:41:40 +0200 => INFO: App data downloaded by m@m.pl
2018-10-08 14:41:49 +0200 => EXCEPTION: undefined local variable or method `ul' for #<Api::V1::TokensController:0x007f5e845b8ff8>
Did you mean?  ul
2018-10-08 14:42:44 +0200 => EXCEPTION: undefined local variable or method `ul' for #<Api::V1::TokensController:0x007f5e906f58d8>
Did you mean?  ul
2018-10-08 14:43:45 +0200 => INFO: App code 110949a0fa42eb once again generated for m@m.pl
2018-10-08 14:43:59 +0200 => INFO: App code 110949a0fa42eb once again generated for m@m.pl
2018-10-08 14:44:01 +0200 => INFO: App code 110949a0fa42eb once again generated for m@m.pl
2018-10-08 14:44:35 +0200 => ERROR: User or token not valid, cannot log out by m@m.pl
2018-10-08 14:44:45 +0200 => INFO: Log out successful by m@m.pl
2018-10-08 14:45:21 +0200 => INFO: User m@m.pl found
2018-10-08 14:45:21 +0200 => ERROR: User m@m.pl is not valid
2018-10-08 14:45:24 +0200 => INFO: User m@m.pl found
2018-10-08 14:45:24 +0200 => ERROR: User m@m.pl is not valid
2018-10-08 14:45:27 +0200 => INFO: User m@m.pl found
2018-10-08 14:45:27 +0200 => ERROR: User m@m.pl is not valid
2018-10-08 14:45:29 +0200 => INFO: User m@m.pl found
2018-10-08 14:45:30 +0200 => ERROR: User m@m.pl is not valid
2018-10-08 14:45:34 +0200 => INFO: User m@m.pl found
2018-10-08 14:45:34 +0200 => ERROR: User m@m.pl is not valid
2018-10-08 14:45:34 +0200 => INFO: User m@m.pl found
2018-10-08 14:45:34 +0200 => ERROR: User m@m.pl is not valid
2018-10-08 14:45:59 +0200 => INFO: User m@m.pl found
2018-10-08 14:45:59 +0200 => ERROR: User m@m.pl is not valid
2018-10-08 14:46:09 +0200 => ERROR: User or token not valid, cannot log out by m@m.pl
2018-10-08 14:46:31 +0200 => INFO: User m@m.pl found
2018-10-08 14:46:31 +0200 => ERROR: User m@m.pl is not valid
2018-10-08 14:46:35 +0200 => INFO: User m@m.pl found
2018-10-08 14:46:35 +0200 => ERROR: User m@m.pl is not valid
2018-10-08 14:46:38 +0200 => INFO: User m@m.pl found
2018-10-08 14:46:38 +0200 => ERROR: User m@m.pl is not valid
2018-10-08 14:46:40 +0200 => INFO: User m@m.pl found
2018-10-08 14:46:40 +0200 => ERROR: User m@m.pl is not valid
2018-10-08 14:46:42 +0200 => INFO: User m@m.pl found
2018-10-08 14:46:43 +0200 => ERROR: User m@m.pl is not valid
2018-10-08 14:47:16 +0200 => ERROR: User or token not valid, cannot log out by m@m.pl
2018-10-08 14:53:17 +0200 => INFO: User m@m.pl found
2018-10-08 14:53:17 +0200 => ERROR: User m@m.pl is not valid
2018-10-08 14:53:19 +0200 => INFO: User m@m.pl found
2018-10-08 14:53:20 +0200 => ERROR: User m@m.pl is not valid
2018-10-08 14:53:21 +0200 => INFO: User m@m.pl found
2018-10-08 14:53:21 +0200 => ERROR: User m@m.pl is not valid
2018-10-08 14:53:23 +0200 => INFO: User m@m.pl found
2018-10-08 14:53:23 +0200 => ERROR: User m@m.pl is not valid
2018-10-08 14:53:25 +0200 => INFO: User m@m.pl found
2018-10-08 14:53:25 +0200 => ERROR: User m@m.pl is not valid
2018-10-08 14:53:25 +0200 => INFO: User m@m.pl blocked!
2018-10-08 14:54:28 +0200 => INFO: User m@m.pl found
2018-10-08 14:54:28 +0200 => INFO: User m@m.pl is valid
2018-10-08 14:54:28 +0200 => ERROR: User is blocked or not active
2018-10-08 14:54:32 +0200 => INFO: User m@m.pl found
2018-10-08 14:54:32 +0200 => ERROR: User m@m.pl is not valid
2018-10-08 14:54:39 +0200 => INFO: User m@m.pl found
2018-10-08 14:54:39 +0200 => ERROR: User m@m.pl is not valid
2018-10-08 14:54:44 +0200 => INFO: User m@m.pl found
2018-10-08 14:54:44 +0200 => INFO: User m@m.pl is valid
2018-10-08 14:54:44 +0200 => INFO: User is active and not blocked
2018-10-08 14:54:44 +0200 => INFO: Token 500fbaa4c40e5ff72a9f generated for m@m.pl
2018-10-08 14:54:44 +0200 => INFO: App data downloaded by m@m.pl
2018-10-08 14:54:46 +0200 => INFO: Log out successful by m@m.pl
2018-10-08 15:16:09 +0200 => INFO: User m@m.pl found
2018-10-08 15:16:09 +0200 => INFO: User m@m.pl is valid
2018-10-08 15:16:09 +0200 => INFO: User is active and not blocked
2018-10-08 15:16:09 +0200 => INFO: Token 8b43e045007ce6d2c70f generated for m@m.pl
2018-10-08 15:16:10 +0200 => INFO: App data downloaded by m@m.pl
2018-10-08 15:16:54 +0200 => INFO: Pref lang for m@m.pl is ["en"]
2018-10-08 15:16:54 +0200 => EXCEPTION: undefined method `license_type' for #<UserLicense:0x007f5e942b50a8>
Did you mean?  license_type_id
2018-10-08 15:17:16 +0200 => INFO: Log out successful by m@m.pl
2018-10-08 15:25:22 +0200 => ERROR: User or token not valid, cannot generate for m@m.pl
2018-10-08 15:26:17 +0200 => INFO: User m@m.pl found
2018-10-08 15:26:17 +0200 => INFO: User m@m.pl is valid
2018-10-08 15:26:17 +0200 => INFO: User is active and not blocked
2018-10-08 15:26:18 +0200 => INFO: Token f1d84afbbdebbbccea91 generated for m@m.pl
2018-10-08 15:26:18 +0200 => INFO: App data downloaded by m@m.pl
2018-10-08 15:26:49 +0200 => INFO: App code 210321e2b6334d once again generated for m@m.pl
2018-10-08 15:29:17 +0200 => INFO: Log out successful by m@m.pl
