2018-09-19 11:29:43 UTC => INFO: User m@m.pl found
2018-09-19 11:29:43 UTC => INFO: User m@m.pl is valid
2018-09-19 11:29:43 UTC => INFO: Token 0fde23db7640b613231e generated for m@m.pl
2018-09-19 11:29:43 UTC => INFO: App data downloaded by m@m.pl
2018-09-19 11:30:28 UTC => ERROR: Limit exceeded - current limit: 1; limit: 1
2018-09-19 11:30:50 UTC => INFO: Pref lang for m@m.pl is ["en"]
2018-09-19 11:30:51 UTC => INFO: New app code 410149a0fa42eb generated for m@m.pl
2018-09-19 11:30:58 UTC => INFO: Log out successful by m@m.pl
2018-09-19 11:37:47 UTC => INFO: User m@m.pl found
2018-09-19 11:37:47 UTC => INFO: User m@m.pl is valid
2018-09-19 11:37:47 UTC => INFO: Token 00296226ddf1af93dca8 generated for m@m.pl
2018-09-19 11:37:47 UTC => INFO: App data downloaded by m@m.pl
2018-09-19 11:37:57 UTC => EXCEPTION: undefined method `>' for nil:NilClass
2018-09-19 11:43:12 UTC => INFO: Pref lang for m@m.pl is ["en"]
2018-09-19 11:43:13 UTC => INFO: New app code 2101b341d0f5aa generated for m@m.pl
2018-09-19 11:43:16 UTC => INFO: Log out successful by m@m.pl
2018-09-19 11:45:34 UTC => INFO: User m@m.pl found
2018-09-19 11:45:34 UTC => INFO: User m@m.pl is valid
2018-09-19 11:45:34 UTC => INFO: Token e9f8edd1e90d3e311af1 generated for m@m.pl
2018-09-19 11:45:34 UTC => INFO: App data downloaded by m@m.pl
2018-09-19 11:46:00 UTC => ERROR: Limit exceeded - current limit: 3; limit: 3
2018-09-19 11:46:13 UTC => INFO: Pref lang for m@m.pl is ["en"]
2018-09-19 11:46:14 UTC => INFO: New app code 1101b46c3151bd generated for m@m.pl
2018-09-19 11:46:47 UTC => INFO: Log out successful by m@m.pl
2018-09-19 11:47:06 UTC => INFO: User m@m.pl found
2018-09-19 11:47:07 UTC => INFO: User m@m.pl is valid
2018-09-19 11:47:07 UTC => INFO: Token ccacc269b049cdd9d5be generated for m@m.pl
2018-09-19 11:47:07 UTC => INFO: App data downloaded by m@m.pl
2018-09-19 11:47:15 UTC => INFO: Pref lang for m@m.pl is ["en"]
2018-09-19 11:47:15 UTC => INFO: New app code 410149a0fa42eb generated for m@m.pl
2018-09-19 11:47:34 UTC => INFO: Log out successful by m@m.pl
2018-09-19 11:54:00 UTC => INFO: User m@m.pl found
2018-09-19 11:54:00 UTC => INFO: User m@m.pl is valid
2018-09-19 11:54:00 UTC => INFO: Token 7644767f41f0c647a6ac generated for m@m.pl
2018-09-19 11:54:01 UTC => INFO: App data downloaded by m@m.pl
2018-09-19 11:54:10 UTC => INFO: Pref lang for m@m.pl is ["en"]
2018-09-19 11:54:10 UTC => INFO: New app code 4101b341d0f5aa generated for m@m.pl
2018-09-19 11:56:25 UTC => INFO: Pref lang for m@m.pl is ["en"]
2018-09-19 11:56:26 UTC => INFO: New app code 4101b341d0f5aa generated for m@m.pl
2018-09-19 11:56:33 UTC => INFO: Pref lang for m@m.pl is ["en"]
2018-09-19 11:56:33 UTC => INFO: New app code 2101b341d0f5aa generated for m@m.pl
2018-09-19 11:57:19 UTC => INFO: Log out successful by m@m.pl
