2018-11-14 09:09:58 +0100 => INFO: User m@m.pl found
2018-11-14 09:09:58 +0100 => INFO: User is active and not blocked
2018-11-14 09:09:58 +0100 => INFO: User m@m.pl is valid
2018-11-14 09:09:58 +0100 => INFO: Token 20107e3cd70faeabfdf2 generated for m@m.pl
2018-11-14 09:09:59 +0100 => INFO: App data downloaded by m@m.pl
2018-11-14 09:10:18 +0100 => INFO: Current_limit = 0 for m@m.pl
2018-11-14 09:10:19 +0100 => INFO: Pref lang for m@m.pl is ["en"]
2018-11-14 09:10:25 +0100 => INFO: App code 410110bfa809fb once again generated for m@m.pl
2018-11-14 09:11:07 +0100 => INFO: Pref lang for m@m.pl is ["en"]
2018-11-14 09:11:11 +0100 => INFO: Log out successful by m@m.pl
2018-11-14 09:12:34 +0100 => INFO: User m@m.pl found
2018-11-14 09:12:35 +0100 => INFO: User is active and not blocked
2018-11-14 09:12:35 +0100 => INFO: User m@m.pl is valid
2018-11-14 09:12:35 +0100 => INFO: Token 4e2db9eab7f5012c3b0f generated for m@m.pl
2018-11-14 09:13:00 +0100 => INFO: Pref lang for m@m.pl is ["en"]
2018-11-14 09:14:39 +0100 => INFO: Pref lang for m@m.pl is ["en"]
2018-11-14 09:14:40 +0100 => INFO: New app code 31092a29e64532 generated for m@m.pl
2018-11-14 09:21:16 +0100 => INFO: Pref lang for m@m.pl is ["en"]
2018-11-14 09:21:17 +0100 => INFO: New app code 31094d2f8be599 generated for m@m.pl
2018-11-14 09:22:05 +0100 => INFO: Pref lang for m@m.pl is ["en"]
2018-11-14 09:22:06 +0100 => INFO: New app code 31096c2c789b6f generated for m@m.pl
2018-11-14 09:23:28 +0100 => INFO: Pref lang for m@m.pl is ["en"]
2018-11-14 09:23:28 +0100 => INFO: New app code 310944d00d62a3 generated for m@m.pl
2018-11-14 09:25:27 +0100 => INFO: Pref lang for m@m.pl is ["en"]
2018-11-14 09:25:28 +0100 => INFO: New app code 31099a3fe12812 generated for m@m.pl
2018-11-14 09:26:37 +0100 => INFO: Pref lang for m@m.pl is ["en"]
2018-11-14 09:26:37 +0100 => INFO: New app code 31093ca5c5113a generated for m@m.pl
2018-11-14 09:30:11 +0100 => INFO: Pref lang for m@m.pl is ["en"]
2018-11-14 09:30:12 +0100 => INFO: New app code 31091ad889efe1 generated for m@m.pl
