2018-10-31 07:53:38 +0100 => INFO: User m@m.pl found
2018-10-31 07:53:38 +0100 => INFO: User is active and not blocked
2018-10-31 07:53:38 +0100 => INFO: User m@m.pl is valid
2018-10-31 07:53:39 +0100 => INFO: Token 10e8342a67d4295938d7 generated for m@m.pl
2018-10-31 07:58:22 +0100 => INFO: User m@m.pl found
2018-10-31 07:58:22 +0100 => INFO: User is active and not blocked
2018-10-31 07:58:22 +0100 => INFO: User m@m.pl is valid
2018-10-31 07:58:22 +0100 => INFO: Token edd4c1c393d194027b8a generated for m@m.pl
2018-10-31 07:58:22 +0100 => EXCEPTION: undefined method `blocked' for #<User:0x00557372817280>
Did you mean?  block_date
2018-10-31 08:02:08 +0100 => INFO: User m@m.pl found
2018-10-31 08:02:08 +0100 => INFO: User is active and not blocked
2018-10-31 08:02:08 +0100 => INFO: User m@m.pl is valid
2018-10-31 08:02:08 +0100 => INFO: Token 5822bfce87bb21b4bd99 generated for m@m.pl
2018-10-31 08:46:42 +0100 => INFO: User m@m.pl found
2018-10-31 08:46:42 +0100 => INFO: User is active and not blocked
2018-10-31 08:46:42 +0100 => INFO: User m@m.pl is valid
2018-10-31 08:46:43 +0100 => INFO: Token 333fe207857f9cb7b2bd generated for m@m.pl
2018-10-31 09:09:19 +0100 => INFO: User m@m.pl found
2018-10-31 09:09:20 +0100 => INFO: User is active and not blocked
2018-10-31 09:09:20 +0100 => INFO: User m@m.pl is valid
2018-10-31 09:09:20 +0100 => INFO: Token 63cee46683150b7d1bd8 generated for m@m.pl
2018-10-31 09:09:22 +0100 => INFO: App data downloaded by m@m.pl
2018-10-31 09:09:25 +0100 => INFO: Log out successful by m@m.pl
2018-10-31 09:11:24 +0100 => INFO: User m@m.pl found
2018-10-31 09:11:24 +0100 => INFO: User is active and not blocked
2018-10-31 09:11:24 +0100 => INFO: User m@m.pl is valid
2018-10-31 09:11:25 +0100 => INFO: Token 0947a6eac99d85836bbb generated for m@m.pl
2018-10-31 09:11:25 +0100 => INFO: App data downloaded by m@m.pl
2018-10-31 09:11:44 +0100 => INFO: Log out successful by m@m.pl
2018-10-31 09:12:00 +0100 => INFO: User m@m.pl found
2018-10-31 09:12:00 +0100 => INFO: User is active and not blocked
2018-10-31 09:12:00 +0100 => INFO: User m@m.pl is valid
2018-10-31 09:12:00 +0100 => INFO: Token 4962f259d2d5a63166e6 generated for m@m.pl
2018-10-31 09:12:17 +0100 => INFO: User m@m.pl found
2018-10-31 09:12:17 +0100 => ERROR: User is blocked or not active
2018-10-31 09:12:42 +0100 => INFO: User m@m.pl found
2018-10-31 09:12:42 +0100 => INFO: User is active and not blocked
2018-10-31 09:12:42 +0100 => INFO: User m@m.pl is valid
2018-10-31 09:12:42 +0100 => INFO: Token 728990c9ce61f82ba5a3 generated for m@m.pl
2018-10-31 09:12:42 +0100 => INFO: App data downloaded by m@m.pl
2018-10-31 09:12:47 +0100 => INFO: License history downloaded by m@m.pl
2018-10-31 09:13:00 +0100 => INFO: License history downloaded by m@m.pl
2018-10-31 09:13:16 +0100 => INFO: License history downloaded by m@m.pl
2018-10-31 09:13:20 +0100 => INFO: Log out successful by m@m.pl
2018-10-31 09:13:35 +0100 => INFO: User m@m.pl found
2018-10-31 09:13:35 +0100 => INFO: User is active and not blocked
2018-10-31 09:13:35 +0100 => INFO: User m@m.pl is valid
2018-10-31 09:13:35 +0100 => INFO: Token 3a2b4e5179e325ddbf83 generated for m@m.pl
2018-10-31 09:13:35 +0100 => INFO: App data downloaded by m@m.pl
2018-10-31 09:13:41 +0100 => INFO: Log out successful by m@m.pl
2018-10-31 09:13:52 +0100 => INFO: User m@m.pl found
2018-10-31 09:13:52 +0100 => ERROR: User is blocked or not active
2018-10-31 09:14:05 +0100 => INFO: User m@m.pl found
2018-10-31 09:14:05 +0100 => INFO: User is active and not blocked
2018-10-31 09:14:05 +0100 => INFO: User m@m.pl is valid
2018-10-31 09:14:05 +0100 => INFO: Token 959b771c05791004edfc generated for m@m.pl
2018-10-31 09:14:08 +0100 => INFO: User m@m.pl found
2018-10-31 09:14:08 +0100 => INFO: User is active and not blocked
2018-10-31 09:14:08 +0100 => INFO: User m@m.pl is valid
2018-10-31 09:14:08 +0100 => INFO: Token e70a84935cc726f5cfaf generated for m@m.pl
2018-10-31 09:14:08 +0100 => INFO: App data downloaded by m@m.pl
2018-10-31 09:14:11 +0100 => INFO: Log out successful by m@m.pl
